Determining if the pthread_create exist failed with the following output:
Change Dir: /home/chibike/catkin_ws/build/CMakeFiles/CMakeTmp

Run Build Command:"/usr/bin/make" "cmTC_93acb/fast"
/usr/bin/make -f CMakeFiles/cmTC_93acb.dir/build.make CMakeFiles/cmTC_93acb.dir/build
make[1]: Entering directory '/home/chibike/catkin_ws/build/CMakeFiles/CMakeTmp'
Building C object CMakeFiles/cmTC_93acb.dir/CheckSymbolExists.c.o
/usr/bin/cc     -o CMakeFiles/cmTC_93acb.dir/CheckSymbolExists.c.o   -c /home/chibike/catkin_ws/build/CMakeFiles/CMakeTmp/CheckSymbolExists.c
Linking C executable cmTC_93acb
/usr/bin/cmake -E cmake_link_script CMakeFiles/cmTC_93acb.dir/link.txt --verbose=1
/usr/bin/cc       CMakeFiles/cmTC_93acb.dir/CheckSymbolExists.c.o  -o cmTC_93acb -rdynamic 
CMakeFiles/cmTC_93acb.dir/CheckSymbolExists.c.o: In function `main':
CheckSymbolExists.c:(.text+0x16): undefined reference to `pthread_create'
collect2: error: ld returned 1 exit status
CMakeFiles/cmTC_93acb.dir/build.make:97: recipe for target 'cmTC_93acb' failed
make[1]: *** [cmTC_93acb] Error 1
make[1]: Leaving directory '/home/chibike/catkin_ws/build/CMakeFiles/CMakeTmp'
Makefile:126: recipe for target 'cmTC_93acb/fast' failed
make: *** [cmTC_93acb/fast] Error 2

File /home/chibike/catkin_ws/build/CMakeFiles/CMakeTmp/CheckSymbolExists.c:
/* */
#include <pthread.h>

int main(int argc, char** argv)
{
  (void)argv;
#ifndef pthread_create
  return ((int*)(&pthread_create))[argc];
#else
  (void)argc;
  return 0;
#endif
}

Determining if the function pthread_create exists in the pthreads failed with the following output:
Change Dir: /home/chibike/catkin_ws/build/CMakeFiles/CMakeTmp

Run Build Command:"/usr/bin/make" "cmTC_fb206/fast"
/usr/bin/make -f CMakeFiles/cmTC_fb206.dir/build.make CMakeFiles/cmTC_fb206.dir/build
make[1]: Entering directory '/home/chibike/catkin_ws/build/CMakeFiles/CMakeTmp'
Building C object CMakeFiles/cmTC_fb206.dir/CheckFunctionExists.c.o
/usr/bin/cc    -DCHECK_FUNCTION_EXISTS=pthread_create   -o CMakeFiles/cmTC_fb206.dir/CheckFunctionExists.c.o   -c /usr/share/cmake-3.5/Modules/CheckFunctionExists.c
Linking C executable cmTC_fb206
/usr/bin/cmake -E cmake_link_script CMakeFiles/cmTC_fb206.dir/link.txt --verbose=1
/usr/bin/cc   -DCHECK_FUNCTION_EXISTS=pthread_create    CMakeFiles/cmTC_fb206.dir/CheckFunctionExists.c.o  -o cmTC_fb206 -rdynamic -lpthreads 
/usr/bin/ld: cannot find -lpthreads
collect2: error: ld returned 1 exit status
CMakeFiles/cmTC_fb206.dir/build.make:97: recipe for target 'cmTC_fb206' failed
make[1]: *** [cmTC_fb206] Error 1
make[1]: Leaving directory '/home/chibike/catkin_ws/build/CMakeFiles/CMakeTmp'
Makefile:126: recipe for target 'cmTC_fb206/fast' failed
make: *** [cmTC_fb206/fast] Error 2


